Using pre-set license
Built from '2022.3/staging' branch; Version is '2022.3.7f1 (b16b3b16c7a0) revision 11627323'; Using compiler version '192829333'; Build Type 'Release'
OS: 'Windows 11  (10.0.22621) 64bit Professional' Language: 'ko' Physical Memory: 16202 MB
BatchMode: 1, IsHumanControllingUs: 0, StartBugReporterOnCrash: 0, Is64bit: 1, IsPro: 1

COMMAND LINE ARGUMENTS:
C:\Program Files\Unity\Hub\Editor\2022.3.7f1\Editor\Unity.exe
-adb2
-batchMode
-noUpm
-name
AssetImportWorker1
-projectPath
C:/Users/supnova/Desktop/programming_practice/re-earth_game/earth_game_project_local
-logFile
Logs/AssetImportWorker1.log
-srvPort
59735
Successfully changed project path to: C:/Users/supnova/Desktop/programming_practice/re-earth_game/earth_game_project_local
C:/Users/supnova/Desktop/programming_practice/re-earth_game/earth_game_project_local
[UnityMemory] Configuration Parameters - Can be set up in boot.config
    "memorysetup-bucket-allocator-granularity=16"
    "memorysetup-bucket-allocator-bucket-count=8"
    "memorysetup-bucket-allocator-block-size=33554432"
    "memorysetup-bucket-allocator-block-count=8"
    "memorysetup-main-allocator-block-size=16777216"
    "memorysetup-thread-allocator-block-size=16777216"
    "memorysetup-gfx-main-allocator-block-size=16777216"
    "memorysetup-gfx-thread-allocator-block-size=16777216"
    "memorysetup-cache-allocator-block-size=4194304"
    "memorysetup-typetree-allocator-block-size=2097152"
    "memorysetup-profiler-bucket-allocator-granularity=16"
    "memorysetup-profiler-bucket-allocator-bucket-count=8"
    "memorysetup-profiler-bucket-allocator-block-size=33554432"
    "memorysetup-profiler-bucket-allocator-block-count=8"
    "memorysetup-profiler-allocator-block-size=16777216"
    "memorysetup-profiler-editor-allocator-block-size=1048576"
    "memorysetup-temp-allocator-size-main=16777216"
    "memorysetup-job-temp-allocator-block-size=2097152"
    "memorysetup-job-temp-allocator-block-size-background=1048576"
    "memorysetup-job-temp-allocator-reduction-small-platforms=262144"
    "memorysetup-allocator-temp-initial-block-size-main=262144"
    "memorysetup-allocator-temp-initial-block-size-worker=262144"
    "memorysetup-temp-allocator-size-background-worker=32768"
    "memorysetup-temp-allocator-size-job-worker=262144"
    "memorysetup-temp-allocator-size-preload-manager=33554432"
    "memorysetup-temp-allocator-size-nav-mesh-worker=65536"
    "memorysetup-temp-allocator-size-audio-worker=65536"
    "memorysetup-temp-allocator-size-cloud-worker=32768"
    "memorysetup-temp-allocator-size-gi-baking-worker=262144"
    "memorysetup-temp-allocator-size-gfx=262144"
Player connection [3848] Host "[IP] 172.30.1.46 [Port] 0 [Flags] 2 [Guid] 3376707289 [EditorId] 3376707289 [Version] 1048832 [Id] WindowsEditor(7,DESKTOP-V1RH8Q6) [Debug] 1 [PackageName] WindowsEditor [ProjectName] Editor" joined multi-casting on [225.0.0.222:54997]...

Player connection [3848] Host "[IP] 172.30.1.46 [Port] 0 [Flags] 2 [Guid] 3376707289 [EditorId] 3376707289 [Version] 1048832 [Id] WindowsEditor(7,DESKTOP-V1RH8Q6) [Debug] 1 [PackageName] WindowsEditor [ProjectName] Editor" joined alternative multi-casting on [225.0.0.222:34997]...

Refreshing native plugins compatible for Editor in 14.07 ms, found 3 plugins.
Preloading 0 native plugins for Editor in 0.00 ms.
Initialize engine version: 2022.3.7f1 (b16b3b16c7a0)
[Subsystems] Discovering subsystems at path C:/Program Files/Unity/Hub/Editor/2022.3.7f1/Editor/Data/Resources/UnitySubsystems
[Subsystems] Discovering subsystems at path C:/Users/supnova/Desktop/programming_practice/re-earth_game/earth_game_project_local/Assets
GfxDevice: creating device client; threaded=0; jobified=0
Direct3D:
    Version:  Direct3D 11.0 [level 11.1]
    Renderer: NVIDIA GeForce GTX 1650 with Max-Q Design (ID=0x1f9d)
    Vendor:   NVIDIA
    VRAM:     3962 MB
    Driver:   30.0.15.1165
Initialize mono
Mono path[0] = 'C:/Program Files/Unity/Hub/Editor/2022.3.7f1/Editor/Data/Managed'
Mono path[1] = 'C:/Program Files/Unity/Hub/Editor/2022.3.7f1/Editor/Data/MonoBleedingEdge/lib/mono/unityjit-win32'
Mono config path = 'C:/Program Files/Unity/Hub/Editor/2022.3.7f1/Editor/Data/MonoBleedingEdge/etc'
Using monoOptions --debugger-agent=transport=dt_socket,embedding=1,server=y,suspend=n,address=127.0.0.1:56832
Begin MonoManager ReloadAssembly
Registering precompiled unity dll's ...
Register platform support module: C:/Program Files/Unity/Hub/Editor/2022.3.7f1/Editor/Data/PlaybackEngines/WebGLSupport/UnityEditor.WebGL.Extensions.dll
Register platform support module: C:/Program Files/Unity/Hub/Editor/2022.3.7f1/Editor/Data/PlaybackEngines/WindowsStandaloneSupport/UnityEditor.WindowsStandalone.Extensions.dll
Registered in 0.012911 seconds.
- Loaded All Assemblies, in  0.508 seconds
Native extension for WindowsStandalone target not found
Native extension for WebGL target not found
Mono: successfully reloaded assembly
- Finished resetting the current domain, in  0.351 seconds
Domain Reload Profiling: 857ms
	BeginReloadAssembly (175ms)
		ExecutionOrderSort (0ms)
		DisableScriptedObjects (0ms)
		BackupInstance (0ms)
		ReleaseScriptingObjects (0ms)
		CreateAndSetChildDomain (1ms)
	RebuildCommonClasses (41ms)
	RebuildNativeTypeToScriptingClass (11ms)
	initialDomainReloadingComplete (74ms)
	LoadAllAssembliesAndSetupDomain (204ms)
		LoadAssemblies (172ms)
		RebuildTransferFunctionScriptingTraits (0ms)
		AnalyzeDomain (199ms)
			TypeCache.Refresh (197ms)
				TypeCache.ScanAssembly (179ms)
			ScanForSourceGeneratedMonoScriptInfo (0ms)
			ResolveRequiredComponents (0ms)
	FinalizeReload (352ms)
		ReleaseScriptCaches (0ms)
		RebuildScriptCaches (0ms)
		SetupLoadedEditorAssemblies (280ms)
			LogAssemblyErrors (0ms)
			InitializePlatformSupportModulesInManaged (14ms)
			SetLoadedEditorAssemblies (7ms)
			RefreshPlugins (0ms)
			BeforeProcessingInitializeOnLoad (2ms)
			ProcessInitializeOnLoadAttributes (175ms)
			ProcessInitializeOnLoadMethodAttributes (82ms)
			AfterProcessingInitializeOnLoad (0ms)
			EditorAssembliesLoaded (0ms)
		ExecutionOrderSort2 (0ms)
		AwakeInstancesAfterBackupRestoration (0ms)
========================================================================
Worker process is ready to serve import requests
Begin MonoManager ReloadAssembly
Symbol file LoadedFromMemory doesn't match image C:\Users\supnova\Desktop\programming_practice\re-earth_game\earth_game_project_local\Library\PackageCache\com.unity.visualscripting@1.8.0\Editor\VisualScripting.Core\Dependencies\YamlDotNet\Unity.VisualScripting.YamlDotNet.dll
Symbol file LoadedFromMemory doesn't match image C:\Users\supnova\Desktop\programming_practice\re-earth_game\earth_game_project_local\Library\PackageCache\com.unity.visualscripting@1.8.0\Editor\VisualScripting.Core\Dependencies\DotNetZip\Unity.VisualScripting.IonicZip.dll
- Loaded All Assemblies, in  0.975 seconds
Refreshing native plugins compatible for Editor in 7.23 ms, found 3 plugins.
Native extension for WindowsStandalone target not found
Native extension for WebGL target not found
Mono: successfully reloaded assembly
- Finished resetting the current domain, in  0.714 seconds
Domain Reload Profiling: 1683ms
	BeginReloadAssembly (212ms)
		ExecutionOrderSort (0ms)
		DisableScriptedObjects (7ms)
		BackupInstance (0ms)
		ReleaseScriptingObjects (0ms)
		CreateAndSetChildDomain (24ms)
	RebuildCommonClasses (51ms)
	RebuildNativeTypeToScriptingClass (13ms)
	initialDomainReloadingComplete (60ms)
	LoadAllAssembliesAndSetupDomain (633ms)
		LoadAssemblies (488ms)
		RebuildTransferFunctionScriptingTraits (0ms)
		AnalyzeDomain (283ms)
			TypeCache.Refresh (241ms)
				TypeCache.ScanAssembly (222ms)
			ScanForSourceGeneratedMonoScriptInfo (27ms)
			ResolveRequiredComponents (14ms)
	FinalizeReload (714ms)
		ReleaseScriptCaches (0ms)
		RebuildScriptCaches (0ms)
		SetupLoadedEditorAssemblies (495ms)
			LogAssemblyErrors (0ms)
			InitializePlatformSupportModulesInManaged (10ms)
			SetLoadedEditorAssemblies (3ms)
			RefreshPlugins (0ms)
			BeforeProcessingInitializeOnLoad (80ms)
			ProcessInitializeOnLoadAttributes (361ms)
			ProcessInitializeOnLoadMethodAttributes (25ms)
			AfterProcessingInitializeOnLoad (16ms)
			EditorAssembliesLoaded (0ms)
		ExecutionOrderSort2 (0ms)
		AwakeInstancesAfterBackupRestoration (20ms)
Launched and connected shader compiler UnityShaderCompiler.exe after 0.08 seconds
Refreshing native plugins compatible for Editor in 8.44 ms, found 3 plugins.
Preloading 0 native plugins for Editor in 0.00 ms.
Unloading 3305 Unused Serialized files (Serialized files now loaded: 0)
Unloading 38 unused Assets / (59.0 KB). Loaded Objects now: 3763.
Memory consumption went from 121.6 MB to 121.5 MB.
Total: 3.793700 ms (FindLiveObjects: 0.372100 ms CreateObjectMapping: 0.409600 ms MarkObjects: 2.905800 ms  DeleteObjects: 0.104700 ms)

AssetImportParameters requested are different than current active one (requested -> active):
  custom:container-demuxer-ogg: 62fdf1f143b41e24485cea50d1cbac27 -> 
  custom:video-decoder-ogg-theora: a1e56fd34408186e4bbccfd4996cb3dc -> 
  custom:framework-win-MediaFoundation: 216162199b28c13a410421893ffa2e32 -> 
  custom:CustomObjectIndexerAttribute: 756ad292c208cfabdd7b50bc23989ffe -> 
  custom:container-demuxer-webm: 4f35f7cbe854078d1ac9338744f61a02 -> 
  custom:container-muxer-webm: aa71ff27fc2769a1b78a27578f13a17b -> 
  custom:video-decoder-webm-vp8: 9c59270c3fd7afecdb556c50c9e8de78 -> 
  custom:SearchIndexIgnoredProperties: e643bd26f0fe6173181afceb89e7c659 -> 
  custom:AudioImporter_EditorPlatform: d09bf68614088b80899f8185d706f6e7 -> 
  custom:video-encoder-webm-vp8: eb34c28f22e8b96e1ab97ce403110664 -> 
  custom:audio-decoder-ogg-vorbis: bf7c407c2cedff20999df2af8eb42d56 -> 
  custom:audio-encoder-webm-vorbis: bf7c407c2cedff20999df2af8eb42d56 -> 
========================================================================
Received Import Request.
  Time since last request: 858283.558844 seconds.
  path: Assets/StarfieldMaterials/Scenes
  artifactKey: Guid(0cc8583eb8a90684db14637cefe122ab) Importer(815301076,1909f56bfc062723c751e8b465ee728b)
Start importing Assets/StarfieldMaterials/Scenes using Guid(0cc8583eb8a90684db14637cefe122ab) Importer(815301076,1909f56bfc062723c751e8b465ee728b)  -> (artifact id: 'ac98fb60f6886938c9cf8340bc7e71a1') in 0.002712 seconds
Number of updated asset objects reloaded before import = 0
Number of asset objects unloaded after import = 0
========================================================================
Received Import Request.
  Time since last request: 0.000023 seconds.
  path: Assets/StarfieldMaterials
  artifactKey: Guid(295621ddab82dc0458ba98c30c1af7e7) Importer(815301076,1909f56bfc062723c751e8b465ee728b)
Start importing Assets/StarfieldMaterials using Guid(295621ddab82dc0458ba98c30c1af7e7) Importer(815301076,1909f56bfc062723c751e8b465ee728b)  -> (artifact id: '7345ca108eb83f06d5ab7c43aa9efe3c') in 0.000434 seconds
Number of updated asset objects reloaded before import = 0
Number of asset objects unloaded after import = 0
========================================================================
Received Import Request.
  Time since last request: 7.234244 seconds.
  path: Assets/StarfieldMaterials/Textures/Plain Starfields/PlainStarfield_02.png
  artifactKey: Guid(d2c0af12fa3f7c5439d9ac9177aa6a9f) Importer(815301076,1909f56bfc062723c751e8b465ee728b)
Start importing Assets/StarfieldMaterials/Textures/Plain Starfields/PlainStarfield_02.png using Guid(d2c0af12fa3f7c5439d9ac9177aa6a9f) Importer(815301076,1909f56bfc062723c751e8b465ee728b)  -> (artifact id: '739f8e9f1366582713dad044e4e64e5d') in 0.073795 seconds
Number of updated asset objects reloaded before import = 0
Number of asset objects unloaded after import = 2
========================================================================
Received Import Request.
  Time since last request: 0.000017 seconds.
  path: Assets/StarfieldMaterials/Textures/Plain Starfields/PlainStarfield_03.png
  artifactKey: Guid(fcc746ac4fb800f41a7c1dd4bc0005ee) Importer(815301076,1909f56bfc062723c751e8b465ee728b)
Start importing Assets/StarfieldMaterials/Textures/Plain Starfields/PlainStarfield_03.png using Guid(fcc746ac4fb800f41a7c1dd4bc0005ee) Importer(815301076,1909f56bfc062723c751e8b465ee728b)  -> (artifact id: 'f2514c75d6601ab915bb2beecd4f8548') in 0.031028 seconds
Number of updated asset objects reloaded before import = 0
Number of asset objects unloaded after import = 2
========================================================================
Received Import Request.
  Time since last request: 17.747451 seconds.
  path: Assets/YAFUI/Icons/png128/youtube-play.png
  artifactKey: Guid(5c372aad3db642c4e92571c4b2447714) Importer(815301076,1909f56bfc062723c751e8b465ee728b)
Start importing Assets/YAFUI/Icons/png128/youtube-play.png using Guid(5c372aad3db642c4e92571c4b2447714) Importer(815301076,1909f56bfc062723c751e8b465ee728b)  -> (artifact id: '328dca32785ae5ac2cae004ebe62865a') in 0.066800 seconds
Number of updated asset objects reloaded before import = 0
Number of asset objects unloaded after import = 3
========================================================================
Received Import Request.
  Time since last request: 0.000050 seconds.
  path: Assets/YAFUI/Icons/png128/zip-box.png
  artifactKey: Guid(fe2b0fb6580b19443a349ee1ac0d8ae2) Importer(815301076,1909f56bfc062723c751e8b465ee728b)
Start importing Assets/YAFUI/Icons/png128/zip-box.png using Guid(fe2b0fb6580b19443a349ee1ac0d8ae2) Importer(815301076,1909f56bfc062723c751e8b465ee728b)  -> (artifact id: '03b2793fa640c172f0d923a734e8ff9d') in 0.028617 seconds
Number of updated asset objects reloaded before import = 0
Number of asset objects unloaded after import = 3
========================================================================
Received Import Request.
  Time since last request: 1.579062 seconds.
  path: Assets/YAFUI/Icons/png128/yin-yang.png
  artifactKey: Guid(ff54b5d1ebc47cd419e08089ef884914) Importer(815301076,1909f56bfc062723c751e8b465ee728b)
Start importing Assets/YAFUI/Icons/png128/yin-yang.png using Guid(ff54b5d1ebc47cd419e08089ef884914) Importer(815301076,1909f56bfc062723c751e8b465ee728b)  -> (artifact id: 'be8f9dcf405299aec18242b33659abca') in 0.037688 seconds
Number of updated asset objects reloaded before import = 0
Number of asset objects unloaded after import = 3
========================================================================
Received Import Request.
  Time since last request: 0.222228 seconds.
  path: Assets/YAFUI/Icons/png128/yeast.png
  artifactKey: Guid(fe94cf926850c074ca94a11fb9b4803d) Importer(815301076,1909f56bfc062723c751e8b465ee728b)
Start importing Assets/YAFUI/Icons/png128/yeast.png using Guid(fe94cf926850c074ca94a11fb9b4803d) Importer(815301076,1909f56bfc062723c751e8b465ee728b)  -> (artifact id: '4d9c97bc13e7dcbbd3167f26746f75b7') in 0.028059 seconds
Number of updated asset objects reloaded before import = 0
Number of asset objects unloaded after import = 3
========================================================================
Received Import Request.
  Time since last request: 0.019467 seconds.
  path: Assets/YAFUI/Icons/png128/xmpp.png
  artifactKey: Guid(3995b17abaab6964e9c1322b31925ac9) Importer(815301076,1909f56bfc062723c751e8b465ee728b)
Start importing Assets/YAFUI/Icons/png128/xmpp.png using Guid(3995b17abaab6964e9c1322b31925ac9) Importer(815301076,1909f56bfc062723c751e8b465ee728b)  -> (artifact id: '3affba316bc72313aaafb6374bf68320') in 0.026640 seconds
Number of updated asset objects reloaded before import = 0
Number of asset objects unloaded after import = 3
========================================================================
Received Import Request.
  Time since last request: 0.181013 seconds.
  path: Assets/YAFUI/Icons/png128/xing-circle.png
  artifactKey: Guid(76578eaef16dd9e4e9fbf229749aa087) Importer(815301076,1909f56bfc062723c751e8b465ee728b)
Start importing Assets/YAFUI/Icons/png128/xing-circle.png using Guid(76578eaef16dd9e4e9fbf229749aa087) Importer(815301076,1909f56bfc062723c751e8b465ee728b)  -> (artifact id: '7e267ab8726936037a058605c9ecd401') in 0.026581 seconds
Number of updated asset objects reloaded before import = 0
Number of asset objects unloaded after import = 3
========================================================================
Received Import Request.
  Time since last request: 0.000014 seconds.
  path: Assets/YAFUI/Icons/png128/xing.png
  artifactKey: Guid(cf2c980df23609e48bb7058abbcffe9d) Importer(815301076,1909f56bfc062723c751e8b465ee728b)
Start importing Assets/YAFUI/Icons/png128/xing.png using Guid(cf2c980df23609e48bb7058abbcffe9d) Importer(815301076,1909f56bfc062723c751e8b465ee728b)  -> (artifact id: '15156560247b1cf200706513ae454df4') in 0.028002 seconds
Number of updated asset objects reloaded before import = 0
Number of asset objects unloaded after import = 3
========================================================================
Received Import Request.
  Time since last request: 0.187754 seconds.
  path: Assets/YAFUI/Icons/png128/xbox-controller-off.png
  artifactKey: Guid(85cb5b3da1a347d4aac4778a25308203) Importer(815301076,1909f56bfc062723c751e8b465ee728b)
Start importing Assets/YAFUI/Icons/png128/xbox-controller-off.png using Guid(85cb5b3da1a347d4aac4778a25308203) Importer(815301076,1909f56bfc062723c751e8b465ee728b)  -> (artifact id: '801c55d96796dd14aacf7dba79200886') in 0.024538 seconds
Number of updated asset objects reloaded before import = 0
Number of asset objects unloaded after import = 3
========================================================================
Received Import Request.
  Time since last request: 0.000016 seconds.
  path: Assets/YAFUI/Icons/png128/xbox-controller-battery-low.png
  artifactKey: Guid(5de39dfdca63ff74d9bbdfbbbabc2847) Importer(815301076,1909f56bfc062723c751e8b465ee728b)
Start importing Assets/YAFUI/Icons/png128/xbox-controller-battery-low.png using Guid(5de39dfdca63ff74d9bbdfbbbabc2847) Importer(815301076,1909f56bfc062723c751e8b465ee728b)  -> (artifact id: 'ffd33d7dab635f43670377778ab1d121') in 0.027961 seconds
Number of updated asset objects reloaded before import = 0
Number of asset objects unloaded after import = 3
========================================================================
Received Import Request.
  Time since last request: 0.161621 seconds.
  path: Assets/YAFUI/Icons/png128/xbox-controller-battery-full.png
  artifactKey: Guid(156a5b6a9ebf056498ec73c9a9d4a69f) Importer(815301076,1909f56bfc062723c751e8b465ee728b)
Start importing Assets/YAFUI/Icons/png128/xbox-controller-battery-full.png using Guid(156a5b6a9ebf056498ec73c9a9d4a69f) Importer(815301076,1909f56bfc062723c751e8b465ee728b)  -> (artifact id: '1db2448da6eacc87264ed3d6bc449334') in 0.027138 seconds
Number of updated asset objects reloaded before import = 0
Number of asset objects unloaded after import = 3
========================================================================
Received Import Request.
  Time since last request: 0.000022 seconds.
  path: Assets/YAFUI/Icons/png128/xbox-controller.png
  artifactKey: Guid(21738411b2150ae49ae88797bf28cd90) Importer(815301076,1909f56bfc062723c751e8b465ee728b)
Start importing Assets/YAFUI/Icons/png128/xbox-controller.png using Guid(21738411b2150ae49ae88797bf28cd90) Importer(815301076,1909f56bfc062723c751e8b465ee728b)  -> (artifact id: 'eebb53f840d43ed7010561148ac691a6') in 0.029187 seconds
Number of updated asset objects reloaded before import = 0
Number of asset objects unloaded after import = 3
========================================================================
Received Import Request.
  Time since last request: 0.110632 seconds.
  path: Assets/YAFUI/Icons/png128/xbox.png
  artifactKey: Guid(aa5d9005ed39809438a054923ef9eb55) Importer(815301076,1909f56bfc062723c751e8b465ee728b)
Start importing Assets/YAFUI/Icons/png128/xbox.png using Guid(aa5d9005ed39809438a054923ef9eb55) Importer(815301076,1909f56bfc062723c751e8b465ee728b)  -> (artifact id: '1912181e67c7e04744156b9fb4690b1b') in 0.027666 seconds
Number of updated asset objects reloaded before import = 0
Number of asset objects unloaded after import = 3
========================================================================
Received Import Request.
  Time since last request: 0.000017 seconds.
  path: Assets/40+ Simple Icons - Free/Wrench_Simple_Icons_UI.png
  artifactKey: Guid(b74361a4268eaf74db7d8091ff82e723) Importer(815301076,1909f56bfc062723c751e8b465ee728b)
Start importing Assets/40+ Simple Icons - Free/Wrench_Simple_Icons_UI.png using Guid(b74361a4268eaf74db7d8091ff82e723) Importer(815301076,1909f56bfc062723c751e8b465ee728b)  -> (artifact id: '5f6a8a8519d0c248efbcf9bb3e4631f9') in 0.028736 seconds
Number of updated asset objects reloaded before import = 0
Number of asset objects unloaded after import = 3
========================================================================
Received Import Request.
  Time since last request: 0.134549 seconds.
  path: Assets/YAFUI/Icons/png128/wrench.png
  artifactKey: Guid(91c42daed84b30847abea52e118b2575) Importer(815301076,1909f56bfc062723c751e8b465ee728b)
Start importing Assets/YAFUI/Icons/png128/wrench.png using Guid(91c42daed84b30847abea52e118b2575) Importer(815301076,1909f56bfc062723c751e8b465ee728b)  -> (artifact id: 'ea7e2bda4b32500baa644ab040c167a1') in 0.035041 seconds
Number of updated asset objects reloaded before import = 0
Number of asset objects unloaded after import = 3
========================================================================
Received Import Request.
  Time since last request: 0.000015 seconds.
  path: Assets/YAFUI/Icons/png128/wordpress.png
  artifactKey: Guid(d1ebe13cbfb4b7240ab7ef2bafa22823) Importer(815301076,1909f56bfc062723c751e8b465ee728b)
Start importing Assets/YAFUI/Icons/png128/wordpress.png using Guid(d1ebe13cbfb4b7240ab7ef2bafa22823) Importer(815301076,1909f56bfc062723c751e8b465ee728b)  -> (artifact id: '2ae5528d75064d0a09e35d4008d205e8') in 0.034938 seconds
Number of updated asset objects reloaded before import = 0
Number of asset objects unloaded after import = 3
========================================================================
Received Import Request.
  Time since last request: 0.088059 seconds.
  path: Assets/YAFUI/Icons/png128/window-restore.png
  artifactKey: Guid(2df4db3252578e74e91298624f11fd5b) Importer(815301076,1909f56bfc062723c751e8b465ee728b)
Start importing Assets/YAFUI/Icons/png128/window-restore.png using Guid(2df4db3252578e74e91298624f11fd5b) Importer(815301076,1909f56bfc062723c751e8b465ee728b)  -> (artifact id: '6c91b93c6d71b0a79785bc2c5aab93a8') in 0.035819 seconds
Number of updated asset objects reloaded before import = 0
Number of asset objects unloaded after import = 3
========================================================================
Received Import Request.
  Time since last request: 0.026802 seconds.
  path: Assets/YAFUI/Icons/png128/window-minimize.png
  artifactKey: Guid(2ae93b07dbf391a49b6a2aedbbdf08dd) Importer(815301076,1909f56bfc062723c751e8b465ee728b)
Start importing Assets/YAFUI/Icons/png128/window-minimize.png using Guid(2ae93b07dbf391a49b6a2aedbbdf08dd) Importer(815301076,1909f56bfc062723c751e8b465ee728b)  -> (artifact id: '988a7a51541f30eb526672fabbee52e6') in 0.031690 seconds
Number of updated asset objects reloaded before import = 0
Number of asset objects unloaded after import = 3
========================================================================
Received Import Request.
  Time since last request: 0.000015 seconds.
  path: Assets/YAFUI/Icons/png128/window-closed.png
  artifactKey: Guid(851bab6e54fbec14caa845b7e3e196c4) Importer(815301076,1909f56bfc062723c751e8b465ee728b)
Start importing Assets/YAFUI/Icons/png128/window-closed.png using Guid(851bab6e54fbec14caa845b7e3e196c4) Importer(815301076,1909f56bfc062723c751e8b465ee728b)  -> (artifact id: '604ecd0cb7e40150242e507f079f6e6b') in 0.033152 seconds
Number of updated asset objects reloaded before import = 0
Number of asset objects unloaded after import = 3
========================================================================
Received Import Request.
  Time since last request: 0.093643 seconds.
  path: Assets/YAFUI/Icons/png128/wikipedia.png
  artifactKey: Guid(b2889e0f9d7474c4db227e36cfc8860b) Importer(815301076,1909f56bfc062723c751e8b465ee728b)
Start importing Assets/YAFUI/Icons/png128/wikipedia.png using Guid(b2889e0f9d7474c4db227e36cfc8860b) Importer(815301076,1909f56bfc062723c751e8b465ee728b)  -> (artifact id: 'bdb99d5d1f7a9492276497416743ac5c') in 0.027611 seconds
Number of updated asset objects reloaded before import = 0
Number of asset objects unloaded after import = 3
========================================================================
Received Import Request.
  Time since last request: 0.000018 seconds.
  path: Assets/YAFUI/Icons/png128/wifi-off.png
  artifactKey: Guid(0f1ff01e7ec362d40993d4145a15e372) Importer(815301076,1909f56bfc062723c751e8b465ee728b)
Start importing Assets/YAFUI/Icons/png128/wifi-off.png using Guid(0f1ff01e7ec362d40993d4145a15e372) Importer(815301076,1909f56bfc062723c751e8b465ee728b)  -> (artifact id: 'f819bcfc9bd53a1e632dd560e938a069') in 0.031829 seconds
Number of updated asset objects reloaded before import = 0
Number of asset objects unloaded after import = 3
========================================================================
Received Import Request.
  Time since last request: 0.099540 seconds.
  path: Assets/YAFUI/Icons/png128/wifi.png
  artifactKey: Guid(b4275d8bf8617cc43b1920268a94a148) Importer(815301076,1909f56bfc062723c751e8b465ee728b)
Start importing Assets/YAFUI/Icons/png128/wifi.png using Guid(b4275d8bf8617cc43b1920268a94a148) Importer(815301076,1909f56bfc062723c751e8b465ee728b)  -> (artifact id: '8f32243e8d440fb04cb12e4ce64588fa') in 0.026614 seconds
Number of updated asset objects reloaded before import = 0
Number of asset objects unloaded after import = 3
========================================================================
Received Import Request.
  Time since last request: 0.000016 seconds.
  path: Assets/YAFUI/Icons/png128/white-balance-irradescent.png
  artifactKey: Guid(de39381a0b1245e418107ae579c2aaba) Importer(815301076,1909f56bfc062723c751e8b465ee728b)
Start importing Assets/YAFUI/Icons/png128/white-balance-irradescent.png using Guid(de39381a0b1245e418107ae579c2aaba) Importer(815301076,1909f56bfc062723c751e8b465ee728b)  -> (artifact id: '8e4b1a4de69d341867f179ad9cfcc622') in 0.030626 seconds
Number of updated asset objects reloaded before import = 0
Number of asset objects unloaded after import = 3
========================================================================
Received Import Request.
  Time since last request: 0.000022 seconds.
  path: Assets/YAFUI/Icons/png128/white-balance-incandescent.png
  artifactKey: Guid(db61dc83697719a4c8494f5d96e912a8) Importer(815301076,1909f56bfc062723c751e8b465ee728b)
Start importing Assets/YAFUI/Icons/png128/white-balance-incandescent.png using Guid(db61dc83697719a4c8494f5d96e912a8) Importer(815301076,1909f56bfc062723c751e8b465ee728b)  -> (artifact id: 'e5e5e61e7f0a571b9262eb49cc517aa1') in 0.029314 seconds
Number of updated asset objects reloaded before import = 0
Number of asset objects unloaded after import = 3
========================================================================
Received Import Request.
  Time since last request: 0.085721 seconds.
  path: Assets/YAFUI/Icons/png128/wheelchair-accessibility.png
  artifactKey: Guid(f3b126a74ce1afd4da5731c30d241463) Importer(815301076,1909f56bfc062723c751e8b465ee728b)
Start importing Assets/YAFUI/Icons/png128/wheelchair-accessibility.png using Guid(f3b126a74ce1afd4da5731c30d241463) Importer(815301076,1909f56bfc062723c751e8b465ee728b)  -> (artifact id: '90c7eba4cef120a03359e1807e1cafca') in 0.030340 seconds
Number of updated asset objects reloaded before import = 0
Number of asset objects unloaded after import = 3
========================================================================
Received Import Request.
  Time since last request: 0.037874 seconds.
  path: Assets/YAFUI/Icons/png128/weight-kilogram.png
  artifactKey: Guid(df72b528a7916424bbafa81cdd34689c) Importer(815301076,1909f56bfc062723c751e8b465ee728b)
Start importing Assets/YAFUI/Icons/png128/weight-kilogram.png using Guid(df72b528a7916424bbafa81cdd34689c) Importer(815301076,1909f56bfc062723c751e8b465ee728b)  -> (artifact id: '6f7f8f77712b10552ed0060b14f15638') in 0.025298 seconds
Number of updated asset objects reloaded before import = 0
Number of asset objects unloaded after import = 3
========================================================================
Received Import Request.
  Time since last request: 0.096443 seconds.
  path: Assets/YAFUI/Icons/png128/wechat.png
  artifactKey: Guid(6f798417d3277f44e9a0c0492816ad94) Importer(815301076,1909f56bfc062723c751e8b465ee728b)
Start importing Assets/YAFUI/Icons/png128/wechat.png using Guid(6f798417d3277f44e9a0c0492816ad94) Importer(815301076,1909f56bfc062723c751e8b465ee728b)  -> (artifact id: '705c8ee68809d99e08de2ecf7e76f65e') in 0.027132 seconds
Number of updated asset objects reloaded before import = 0
Number of asset objects unloaded after import = 3
========================================================================
Received Import Request.
  Time since last request: 0.000017 seconds.
  path: Assets/YAFUI/Icons/png128/webhook.png
  artifactKey: Guid(b30fd5fe057695a4bb81721ab7622d1f) Importer(815301076,1909f56bfc062723c751e8b465ee728b)
Start importing Assets/YAFUI/Icons/png128/webhook.png using Guid(b30fd5fe057695a4bb81721ab7622d1f) Importer(815301076,1909f56bfc062723c751e8b465ee728b)  -> (artifact id: '853d07bd9d6a70cb67f52994275fff9f') in 0.028894 seconds
Number of updated asset objects reloaded before import = 0
Number of asset objects unloaded after import = 3
========================================================================
Received Import Request.
  Time since last request: 0.000019 seconds.
  path: Assets/YAFUI/Icons/png128/weather-windy-variant.png
  artifactKey: Guid(27caef0621bbf774cb822403bffa4081) Importer(815301076,1909f56bfc062723c751e8b465ee728b)
Start importing Assets/YAFUI/Icons/png128/weather-windy-variant.png using Guid(27caef0621bbf774cb822403bffa4081) Importer(815301076,1909f56bfc062723c751e8b465ee728b)  -> (artifact id: '38f047ee3f49fd882ae0ca837166e1dd') in 0.027473 seconds
Number of updated asset objects reloaded before import = 0
Number of asset objects unloaded after import = 3
========================================================================
Received Import Request.
  Time since last request: 0.000019 seconds.
  path: Assets/YAFUI/Icons/png128/weather-windy.png
  artifactKey: Guid(d9850b398245c264fbe3e3b513faf690) Importer(815301076,1909f56bfc062723c751e8b465ee728b)
Start importing Assets/YAFUI/Icons/png128/weather-windy.png using Guid(d9850b398245c264fbe3e3b513faf690) Importer(815301076,1909f56bfc062723c751e8b465ee728b)  -> (artifact id: '6d61e37c7b466805fd75fed75d6613e3') in 0.035287 seconds
Number of updated asset objects reloaded before import = 0
Number of asset objects unloaded after import = 3
========================================================================
Received Import Request.
  Time since last request: 0.089914 seconds.
  path: Assets/YAFUI/Icons/png128/weather-sunset-down.png
  artifactKey: Guid(90efd47d08edea040b1ce9044e9fa734) Importer(815301076,1909f56bfc062723c751e8b465ee728b)
Start importing Assets/YAFUI/Icons/png128/weather-sunset-down.png using Guid(90efd47d08edea040b1ce9044e9fa734) Importer(815301076,1909f56bfc062723c751e8b465ee728b)  -> (artifact id: '1a7b8a3e482b15a614da704d22d44215') in 0.032394 seconds
Number of updated asset objects reloaded before import = 0
Number of asset objects unloaded after import = 3
========================================================================
Received Import Request.
  Time since last request: 0.000018 seconds.
  path: Assets/YAFUI/Icons/png128/weather-sunny.png
  artifactKey: Guid(f68d90d4df4a56346a0c858bbb5ad02b) Importer(815301076,1909f56bfc062723c751e8b465ee728b)
Start importing Assets/YAFUI/Icons/png128/weather-sunny.png using Guid(f68d90d4df4a56346a0c858bbb5ad02b) Importer(815301076,1909f56bfc062723c751e8b465ee728b)  -> (artifact id: '073abb361f979b12034ea8974138f9ed') in 0.031056 seconds
Number of updated asset objects reloaded before import = 0
Number of asset objects unloaded after import = 3
========================================================================
Received Import Request.
  Time since last request: 1.538809 seconds.
  path: Assets/YAFUI/Icons/png128/star-of-david.png
  artifactKey: Guid(27b72bfb0a90e074a929ea4d64c08a46) Importer(815301076,1909f56bfc062723c751e8b465ee728b)
Start importing Assets/YAFUI/Icons/png128/star-of-david.png using Guid(27b72bfb0a90e074a929ea4d64c08a46) Importer(815301076,1909f56bfc062723c751e8b465ee728b)  -> (artifact id: '7e7f9636a54462da5bf2dd7da83f18d2') in 0.037783 seconds
Number of updated asset objects reloaded before import = 0
Number of asset objects unloaded after import = 3
========================================================================
Received Import Request.
  Time since last request: 0.000013 seconds.
  path: Assets/YAFUI/Icons/png128/ticket-star.png
  artifactKey: Guid(c264b55d425457c46ad3ab1fe3370c93) Importer(815301076,1909f56bfc062723c751e8b465ee728b)
Start importing Assets/YAFUI/Icons/png128/ticket-star.png using Guid(c264b55d425457c46ad3ab1fe3370c93) Importer(815301076,1909f56bfc062723c751e8b465ee728b)  -> (artifact id: '9fdab5f64c276457c0540744d232fc4b') in 0.031553 seconds
Number of updated asset objects reloaded before import = 0
Number of asset objects unloaded after import = 3
========================================================================
Received Import Request.
  Time since last request: 0.888738 seconds.
  path: Assets/YAFUI/Icons/png128/source-commit-start-next-local.png
  artifactKey: Guid(d0bee244145e7954e928ad38b6474e37) Importer(815301076,1909f56bfc062723c751e8b465ee728b)
Start importing Assets/YAFUI/Icons/png128/source-commit-start-next-local.png using Guid(d0bee244145e7954e928ad38b6474e37) Importer(815301076,1909f56bfc062723c751e8b465ee728b)  -> (artifact id: '1c899ff1c0df3e5f78c1b5268b965555') in 0.033010 seconds
Number of updated asset objects reloaded before import = 0
Number of asset objects unloaded after import = 3
========================================================================
Received Import Request.
  Time since last request: 0.000016 seconds.
  path: Assets/YAFUI/Icons/png128/star.png
  artifactKey: Guid(a9ed8a2ebbdf97d439c904f42a39d1b7) Importer(815301076,1909f56bfc062723c751e8b465ee728b)
Start importing Assets/YAFUI/Icons/png128/star.png using Guid(a9ed8a2ebbdf97d439c904f42a39d1b7) Importer(815301076,1909f56bfc062723c751e8b465ee728b)  -> (artifact id: '7eae997a72cc04f807d03962a69ead18') in 0.037100 seconds
Number of updated asset objects reloaded before import = 0
Number of asset objects unloaded after import = 3
========================================================================
Received Import Request.
  Time since last request: 0.000027 seconds.
  path: Assets/YAFUI/Icons/png128/ray-start.png
  artifactKey: Guid(f489a236c5ce8ba45b9ae75536f6b772) Importer(815301076,1909f56bfc062723c751e8b465ee728b)
Start importing Assets/YAFUI/Icons/png128/ray-start.png using Guid(f489a236c5ce8ba45b9ae75536f6b772) Importer(815301076,1909f56bfc062723c751e8b465ee728b)  -> (artifact id: '13d5ec20f703ca073649bfa2b13fba97') in 0.031877 seconds
Number of updated asset objects reloaded before import = 0
Number of asset objects unloaded after import = 3
========================================================================
Received Import Request.
  Time since last request: 0.000019 seconds.
  path: Assets/YAFUI/Icons/png128/folder-star.png
  artifactKey: Guid(2f8868b6963df9649b6a2101ca2f5fd5) Importer(815301076,1909f56bfc062723c751e8b465ee728b)
Start importing Assets/YAFUI/Icons/png128/folder-star.png using Guid(2f8868b6963df9649b6a2101ca2f5fd5) Importer(815301076,1909f56bfc062723c751e8b465ee728b)  -> (artifact id: 'd7dab8690fe29255c8650f682baf8b6c') in 0.031242 seconds
Number of updated asset objects reloaded before import = 0
Number of asset objects unloaded after import = 3
========================================================================
Received Import Request.
  Time since last request: 0.000020 seconds.
  path: Assets/YAFUI/Icons/png128/ray-start-arrow.png
  artifactKey: Guid(3bc4354f7d2c2164dbf03cdd1f73292b) Importer(815301076,1909f56bfc062723c751e8b465ee728b)
Start importing Assets/YAFUI/Icons/png128/ray-start-arrow.png using Guid(3bc4354f7d2c2164dbf03cdd1f73292b) Importer(815301076,1909f56bfc062723c751e8b465ee728b)  -> (artifact id: '72f60a3286dc2ee0c8cee493cd538033') in 0.035710 seconds
Number of updated asset objects reloaded before import = 0
Number of asset objects unloaded after import = 3
========================================================================
Received Import Request.
  Time since last request: 0.000020 seconds.
  path: Assets/YAFUI/Icons/png128/clock-start.png
  artifactKey: Guid(fd871724b0ddd5048b260bebba5894a5) Importer(815301076,1909f56bfc062723c751e8b465ee728b)
Start importing Assets/YAFUI/Icons/png128/clock-start.png using Guid(fd871724b0ddd5048b260bebba5894a5) Importer(815301076,1909f56bfc062723c751e8b465ee728b)  -> (artifact id: '3d3ac44bd532c79466ac9d7a77bfcc08') in 0.033273 seconds
Number of updated asset objects reloaded before import = 0
Number of asset objects unloaded after import = 3
========================================================================
Received Import Request.
  Time since last request: 26.729751 seconds.
  path: Assets/StarfieldMaterials/Textures/SingleNeb/SingleNeb_03.png
  artifactKey: Guid(1987bbe697e48644e83c89f4defc77a2) Importer(815301076,1909f56bfc062723c751e8b465ee728b)
Start importing Assets/StarfieldMaterials/Textures/SingleNeb/SingleNeb_03.png using Guid(1987bbe697e48644e83c89f4defc77a2) Importer(815301076,1909f56bfc062723c751e8b465ee728b)  -> (artifact id: 'f0b3c1a02698d2d6906a0c8c0296c09c') in 0.040347 seconds
Number of updated asset objects reloaded before import = 0
Number of asset objects unloaded after import = 2
========================================================================
Received Import Request.
  Time since last request: 0.000026 seconds.
  path: Assets/StarfieldMaterials/Textures/SingleNeb/SingleNeb_08.png
  artifactKey: Guid(4c1e43d371432ae4987708c889515593) Importer(815301076,1909f56bfc062723c751e8b465ee728b)
Start importing Assets/StarfieldMaterials/Textures/SingleNeb/SingleNeb_08.png using Guid(4c1e43d371432ae4987708c889515593) Importer(815301076,1909f56bfc062723c751e8b465ee728b)  -> (artifact id: '548103f5c064d20eb6f0e7fd357d9aaf') in 0.026414 seconds
Number of updated asset objects reloaded before import = 0
Number of asset objects unloaded after import = 2
========================================================================
Received Import Request.
  Time since last request: 0.000080 seconds.
  path: Assets/StarfieldMaterials/Textures/SingleNeb/SingleNeb_05.png
  artifactKey: Guid(bec00bfeb5521ff48b28ac4df811d531) Importer(815301076,1909f56bfc062723c751e8b465ee728b)
Start importing Assets/StarfieldMaterials/Textures/SingleNeb/SingleNeb_05.png using Guid(bec00bfeb5521ff48b28ac4df811d531) Importer(815301076,1909f56bfc062723c751e8b465ee728b)  -> (artifact id: '6004785f7baf3f54c64986f64e96cecf') in 0.031146 seconds
Number of updated asset objects reloaded before import = 0
Number of asset objects unloaded after import = 2
========================================================================
Received Import Request.
  Time since last request: 0.000019 seconds.
  path: Assets/StarfieldMaterials/Textures/SingleNeb/SingleNeb_10.png
  artifactKey: Guid(552fd930f2b35f8479d0d62dbeaa8d1f) Importer(815301076,1909f56bfc062723c751e8b465ee728b)
Start importing Assets/StarfieldMaterials/Textures/SingleNeb/SingleNeb_10.png using Guid(552fd930f2b35f8479d0d62dbeaa8d1f) Importer(815301076,1909f56bfc062723c751e8b465ee728b)  -> (artifact id: 'f25865f262f4e5f256be417dcaab33f2') in 0.027180 seconds
Number of updated asset objects reloaded before import = 0
Number of asset objects unloaded after import = 2
========================================================================
Received Prepare
Begin MonoManager ReloadAssembly
Symbol file LoadedFromMemory doesn't match image C:\Users\supnova\Desktop\programming_practice\re-earth_game\earth_game_project_local\Library\PackageCache\com.unity.visualscripting@1.8.0\Editor\VisualScripting.Core\Dependencies\YamlDotNet\Unity.VisualScripting.YamlDotNet.dll
Symbol file LoadedFromMemory doesn't match image C:\Users\supnova\Desktop\programming_practice\re-earth_game\earth_game_project_local\Library\PackageCache\com.unity.visualscripting@1.8.0\Editor\VisualScripting.Core\Dependencies\DotNetZip\Unity.VisualScripting.IonicZip.dll
- Loaded All Assemblies, in  0.590 seconds
Refreshing native plugins compatible for Editor in 7.09 ms, found 3 plugins.
Native extension for WindowsStandalone target not found
Native extension for WebGL target not found
Mono: successfully reloaded assembly
- Finished resetting the current domain, in  1.181 seconds
Domain Reload Profiling: 1768ms
	BeginReloadAssembly (212ms)
		ExecutionOrderSort (0ms)
		DisableScriptedObjects (8ms)
		BackupInstance (0ms)
		ReleaseScriptingObjects (0ms)
		CreateAndSetChildDomain (41ms)
	RebuildCommonClasses (45ms)
	RebuildNativeTypeToScriptingClass (12ms)
	initialDomainReloadingComplete (41ms)
	LoadAllAssembliesAndSetupDomain (277ms)
		LoadAssemblies (376ms)
		RebuildTransferFunctionScriptingTraits (0ms)
		AnalyzeDomain (21ms)
			TypeCache.Refresh (7ms)
				TypeCache.ScanAssembly (0ms)
			ScanForSourceGeneratedMonoScriptInfo (0ms)
			ResolveRequiredComponents (12ms)
	FinalizeReload (1182ms)
		ReleaseScriptCaches (0ms)
		RebuildScriptCaches (0ms)
		SetupLoadedEditorAssemblies (423ms)
			LogAssemblyErrors (0ms)
			InitializePlatformSupportModulesInManaged (11ms)
			SetLoadedEditorAssemblies (5ms)
			RefreshPlugins (0ms)
			BeforeProcessingInitializeOnLoad (91ms)
			ProcessInitializeOnLoadAttributes (273ms)
			ProcessInitializeOnLoadMethodAttributes (31ms)
			AfterProcessingInitializeOnLoad (11ms)
			EditorAssembliesLoaded (0ms)
		ExecutionOrderSort2 (0ms)
		AwakeInstancesAfterBackupRestoration (27ms)
Refreshing native plugins compatible for Editor in 6.22 ms, found 3 plugins.
Preloading 0 native plugins for Editor in 0.00 ms.
Unloading 3296 Unused Serialized files (Serialized files now loaded: 0)
Unloading 27 unused Assets / (33.1 KB). Loaded Objects now: 3773.
Memory consumption went from 124.2 MB to 124.2 MB.
Total: 3.832800 ms (FindLiveObjects: 0.337200 ms CreateObjectMapping: 0.329600 ms MarkObjects: 3.102400 ms  DeleteObjects: 0.062200 ms)

Prepare: number of updated asset objects reloaded= 0
AssetImportParameters requested are different than current active one (requested -> active):
  custom:container-demuxer-ogg: 62fdf1f143b41e24485cea50d1cbac27 -> 
  custom:video-decoder-ogg-theora: a1e56fd34408186e4bbccfd4996cb3dc -> 
  custom:framework-win-MediaFoundation: 216162199b28c13a410421893ffa2e32 -> 
  custom:CustomObjectIndexerAttribute: 756ad292c208cfabdd7b50bc23989ffe -> 
  custom:container-demuxer-webm: 4f35f7cbe854078d1ac9338744f61a02 -> 
  custom:container-muxer-webm: aa71ff27fc2769a1b78a27578f13a17b -> 
  custom:video-decoder-webm-vp8: 9c59270c3fd7afecdb556c50c9e8de78 -> 
  custom:SearchIndexIgnoredProperties: e643bd26f0fe6173181afceb89e7c659 -> 
  custom:AudioImporter_EditorPlatform: d09bf68614088b80899f8185d706f6e7 -> 
  custom:video-encoder-webm-vp8: eb34c28f22e8b96e1ab97ce403110664 -> 
  custom:audio-decoder-ogg-vorbis: bf7c407c2cedff20999df2af8eb42d56 -> 
  custom:audio-encoder-webm-vorbis: bf7c407c2cedff20999df2af8eb42d56 -> 
Editor requested this worker to shutdown with reason: Scaling down because of idle timeout
TcpMessagingSession - receive error
AssetImportWorkerClient::OnTransportError - code=2 error=End of file
AssetImportWorker is now disconnected from the server
Process exiting
Exiting without the bug reporter. Application will terminate with return code 0